-------------------------------------------------------------------------------
>Log Session: Saturday, November 7, 2015 5:41:33 PM PST
>System Info: 
  Product Version         = NetBeans IDE 8.0.2 (Build 201411181905) (#8230772f5f18)
  Operating System        = Linux version 4.2.0-17-generic running on amd64
  Java; VM; Vendor        = 1.8.0_66; Java HotSpot(TM) 64-Bit Server VM 25.66-b17; Oracle Corporation
  Runtime                 = Java(TM) SE Runtime Environment 1.8.0_66-b17
  Java Home               = /usr/lib/jvm/java-8-oracle/jre
  System Locale; Encoding = en_US (nb); UTF-8
  Home Directory          = /home/cesar
  Current Directory       = /home/cesar/.local/share/applications
  User Directory          = /home/cesar/.netbeans/8.0.2
  Cache Directory         = /home/cesar/.cache/netbeans/8.0.2
  Installation            = /opt/netbeans-8.0/nb
                            /opt/netbeans-8.0/ide
                            /opt/netbeans-8.0/extide
                            /opt/netbeans-8.0/java
                            /opt/netbeans-8.0/apisupport
                            /opt/netbeans-8.0/websvccommon
                            /opt/netbeans-8.0/profiler
                            /opt/netbeans-8.0/harness
                            /opt/netbeans-8.0/cnd
                            /opt/netbeans-8.0/dlight
                            /opt/netbeans-8.0/javafx
                            /opt/netbeans-8.0/platform
  Boot & Ext. Classpath   = /usr/lib/jvm/java-8-oracle/jre/lib/resources.jar:/usr/lib/jvm/java-8-oracle/jre/lib/rt.jar:/usr/lib/jvm/java-8-oracle/jre/lib/sunrsasign.jar:/usr/lib/jvm/java-8-oracle/jre/lib/jsse.jar:/usr/lib/jvm/java-8-oracle/jre/lib/jce.jar:/usr/lib/jvm/java-8-oracle/jre/lib/charsets.jar:/usr/lib/jvm/java-8-oracle/jre/lib/jfr.jar:/usr/lib/jvm/java-8-oracle/jre/classes:/usr/lib/jvm/java-8-oracle/jre/lib/ext/zipfs.jar:/usr/lib/jvm/java-8-oracle/jre/lib/ext/localedata.jar:/usr/lib/jvm/java-8-oracle/jre/lib/ext/sunec.jar:/usr/lib/jvm/java-8-oracle/jre/lib/ext/dnsns.jar:/usr/lib/jvm/java-8-oracle/jre/lib/ext/nashorn.jar:/usr/lib/jvm/java-8-oracle/jre/lib/ext/sunpkcs11.jar:/usr/lib/jvm/java-8-oracle/jre/lib/ext/cldrdata.jar:/usr/lib/jvm/java-8-oracle/jre/lib/ext/jfxrt.jar:/usr/lib/jvm/java-8-oracle/jre/lib/ext/sunjce_provider.jar:/usr/lib/jvm/java-8-oracle/jre/lib/ext/jaccess.jar
  Application Classpath   = /opt/netbeans-8.0/platform/lib/boot.jar:/opt/netbeans-8.0/platform/lib/org-openide-modules.jar:/opt/netbeans-8.0/platform/lib/org-openide-util.jar:/opt/netbeans-8.0/platform/lib/org-openide-util-lookup.jar:/opt/netbeans-8.0/platform/lib/locale/boot_ja.jar:/opt/netbeans-8.0/platform/lib/locale/boot_pt_BR.jar:/opt/netbeans-8.0/platform/lib/locale/boot_ru.jar:/opt/netbeans-8.0/platform/lib/locale/boot_zh_CN.jar:/opt/netbeans-8.0/platform/lib/locale/org-openide-modules_ja.jar:/opt/netbeans-8.0/platform/lib/locale/org-openide-modules_pt_BR.jar:/opt/netbeans-8.0/platform/lib/locale/org-openide-modules_ru.jar:/opt/netbeans-8.0/platform/lib/locale/org-openide-modules_zh_CN.jar:/opt/netbeans-8.0/platform/lib/locale/org-openide-util_ja.jar:/opt/netbeans-8.0/platform/lib/locale/org-openide-util-lookup_ja.jar:/opt/netbeans-8.0/platform/lib/locale/org-openide-util-lookup_pt_BR.jar:/opt/netbeans-8.0/platform/lib/locale/org-openide-util-lookup_ru.jar:/opt/netbeans-8.0/platform/lib/locale/org-openide-util-lookup_zh_CN.jar:/opt/netbeans-8.0/platform/lib/locale/org-openide-util_pt_BR.jar:/opt/netbeans-8.0/platform/lib/locale/org-openide-util_ru.jar:/opt/netbeans-8.0/platform/lib/locale/org-openide-util_zh_CN.jar:/usr/lib/jvm/java-8-oracle/lib/dt.jar:/usr/lib/jvm/java-8-oracle/lib/tools.jar
  Startup Classpath       = /opt/netbeans-8.0/platform/core/org-openide-filesystems.jar:/opt/netbeans-8.0/platform/core/core.jar:/opt/netbeans-8.0/platform/core/locale/core_ja.jar:/opt/netbeans-8.0/platform/core/locale/core_zh_CN.jar:/opt/netbeans-8.0/platform/core/locale/org-openide-filesystems_ja.jar:/opt/netbeans-8.0/platform/core/locale/org-openide-filesystems_ru.jar:/opt/netbeans-8.0/platform/core/locale/core_pt_BR.jar:/opt/netbeans-8.0/platform/core/locale/org-openide-filesystems_pt_BR.jar:/opt/netbeans-8.0/platform/core/locale/core_ru.jar:/opt/netbeans-8.0/platform/core/locale/org-openide-filesystems_zh_CN.jar:/opt/netbeans-8.0/nb/core/org-netbeans-upgrader.jar:/opt/netbeans-8.0/nb/core/locale/core_nb_pt_BR.jar:/opt/netbeans-8.0/nb/core/locale/core_nb_ja.jar:/opt/netbeans-8.0/nb/core/locale/org-netbeans-upgrader_ru.jar:/opt/netbeans-8.0/nb/core/locale/org-netbeans-upgrader_ja.jar:/opt/netbeans-8.0/nb/core/locale/core_nb_ru.jar:/opt/netbeans-8.0/nb/core/locale/org-netbeans-upgrader_zh_CN.jar:/opt/netbeans-8.0/nb/core/locale/core_nb_zh_CN.jar:/opt/netbeans-8.0/nb/core/locale/core_nb.jar:/opt/netbeans-8.0/nb/core/locale/org-netbeans-upgrader_pt_BR.jar
-------------------------------------------------------------------------------
WARNING [org.netbeans.core.modules]: had to upgrade dependencies for module net.sf.efhnbm: added = [module org.openide.awt, module org.openide.util.lookup, module org.openide.util.lookup > 8.0, module org.openide.options > 6.7] removed = []; details: [#170056: Separate module for Lookup API, #88531 Remove SystemOption usage from PrintSettings, FileObject implements Lookup.Provider, SaveCookie extends Savable. To compile you need to include openide.awt on classpath.]
WARNING [org.netbeans.core.modules]: had to upgrade dependencies for module jindent.plugin.netbeans: added = [module org.netbeans.modules.editor.deprecated.pre65formatting/0 > 1.0, module org.openide.options > 6.7] removed = []; details: [#88531 Remove SystemOption usage from PrintSettings, The old editor formatting API have been deprecated, see http://wiki.netbeans.org/EditorFormattingAPIUpgrade and update your module.]
WARNING [org.netbeans.core.modules]: had to upgrade dependencies for module de.markiewb.netbeans.plugins.readmeinprojectview: added = [module org.openide.util.lookup] removed = []; details: [FileObject implements Lookup.Provider]
INFO [org.netbeans.modules.netbinox]: Install area set to file:/opt/netbeans-8.0/
WARNING [org.netbeans.core.modules]: the modules [net.sf.efhnbm, org.netbeans.modules.form.nb] use org.jdesktop.layout which is deprecated: Use javax.swing.GroupLayout instead. (In form editor: select Form ... in Inspector; change Layout Generation Style to Standard Java 6 code.)
WARNING [org.netbeans.core.modules]: the modules [jindent.plugin.netbeans, org.netbeans.modules.java.editor.lib, org.netbeans.modules.xml.text] use org.netbeans.modules.editor.deprecated.pre65formatting which is deprecated.
WARNING [org.netbeans.core.modules]: the modules [org.netbeans.modules.ide.kit, org.netbeans.modules.xml.text] use org.netbeans.modules.editor.structure which is deprecated.
WARNING [org.netbeans.core.modules]: the modules [org.netbeans.modules.apisupport.ant, org.netbeans.modules.java.hints, org.netbeans.modules.maven.hints] use org.netbeans.modules.java.hints.legacy.spi which is deprecated: Use Java Hints SPI (org.netbeans.spi.java.hints) instead.
WARNING [org.netbeans.core.modules]: the modules [jindent.plugin.netbeans, net.sf.efhnbm] use org.openide.options which is deprecated: Use org.openide.util.NbPreferences instead.
WARNING [org.netbeans.core.projects.cache]: layer jar:file:/home/cesar/.netbeans/8.0.2/modules/jindent-plugin-netbeans.jar!/jindent/plugin/netbeans/layer.xml contains duplicate folders named Editors/text
WARNING [org.netbeans.core.projects.cache]: layer jar:file:/home/cesar/.netbeans/8.0.2/modules/jindent-plugin-netbeans.jar!/jindent/plugin/netbeans/layer.xml contains duplicate folders named Editors/text
WARNING [org.netbeans.core.projects.cache]: layer jar:file:/home/cesar/.netbeans/8.0.2/modules/jindent-plugin-netbeans.jar!/jindent/plugin/netbeans/layer.xml contains duplicate folders named Editors/text
WARNING [org.netbeans.core.projects.cache]: layer jar:file:/home/cesar/.netbeans/8.0.2/modules/jindent-plugin-netbeans.jar!/jindent/plugin/netbeans/layer.xml contains duplicate folders named Loaders/text
WARNING [org.netbeans.core.projects.cache]: layer jar:file:/home/cesar/.netbeans/8.0.2/modules/jindent-plugin-netbeans.jar!/jindent/plugin/netbeans/layer.xml contains duplicate folders named Loaders/text
WARNING [org.netbeans.core.projects.cache]: layer jar:file:/home/cesar/.netbeans/8.0.2/modules/jindent-plugin-netbeans.jar!/jindent/plugin/netbeans/layer.xml contains duplicate folders named Loaders/text
WARNING [org.netbeans.core.projects.cache]: layer jar:file:/home/cesar/.netbeans/8.0.2/modules/jindent-plugin-netbeans.jar!/jindent/plugin/netbeans/layer.xml contains duplicate folders named Loaders/text
WARNING [org.netbeans.core.projects.cache]: layer jar:file:/home/cesar/.netbeans/8.0.2/modules/jindent-plugin-netbeans.jar!/jindent/plugin/netbeans/layer.xml contains duplicate folders named Loaders/text
WARNING [org.netbeans.core.projects.cache]: Inefficient to include an empty layer in a module: jar:file:/home/cesar/.netbeans/8.0.2/modules/closeprojects.jar!/de/markiew/netbeans/plugin/actions/closeprojects/layer.xml
WARNING [org.openide.filesystems.Ordering]: Not all children in Services/MIMEResolver/ marked with the position attribute: [draganbjedov-netbeans-csv-dataobject-CSVDataObject-Extension.xml], but some are: [org-openide-loaders-DataLoaderPool$InstanceLoaderSystem-Extension.xml, org-netbeans-core-startup-layers-SystemFileSystem-Extension.xml, org-netbeans-modules-java-JavaDataObject-Extension.xml, org-netbeans-modules-java-ClassDataObject-Extension.xml, org-netbeans-modules-image-ImageDataObject-serialVersionUID-Extension.xml, org-netbeans-modules-image-ImageDataObject-IMAGE_ICON_BASE-Extension.xml, org-netbeans-modules-image-ImageDataObject-openSupport-Extension.xml, org-netbeans-modules-image-ImageDataObject-printSupport-Extension.xml, org-netbeans-modules-properties-PropertiesDataObject-Extension.xml, org-netbeans-modules-languages-manifest-MfDataObject-Extension.xml, org-netbeans-modules-form-FormDataLoader-Extension.xml, org-netbeans-modules-cnd-loaders-CMakeDataObject-Registration.xml, org-netbeans-modules-cnd-script-loaders-ShellDataObject-Registration.xml, org-netbeans-modules-cnd-makefile-loaders-MakefileDataObject-Registration.xml, org-netbeans-core-ide-ServiceTabProcessor-Extension.xml, org-netbeans-modules-testng-TestNGSuiteDataObject-Registration.xml, org-netbeans-modules-css-editor-CssProjectSupport-Extension.xml, org-netbeans-modules-languages-diff-DiffDataObject-Extension.xml, org-netbeans-modules-javascript2-editor-JsLanguage-createMultiViewEditorElement-Extension.xml, org-netbeans-modules-javascript2-editor-JsonLanguage-createMultiViewEditorElement-Extension.xml, org-netbeans-modules-db-sql-loader-SQLDataObject-Extension.xml, org-netbeans-modules-javawebstart-JnlpDataObject-Extension.xml, org-netbeans-modules-cnd-source-CDataObject-Registration.xml, org-netbeans-modules-cnd-loaders-CMakeIncludeDataObject-Registration.xml, org-netbeans-modules-cnd-source-CCDataObject-Registration.xml, org-netbeans-modules-cnd-source-HDataObject-Registration.xml, org-netbeans-modules-cnd-loaders-QtProjectDataObject-Registration.xml, org-netbeans-modules-cnd-source-FortranDataObject-Registration.xml, org-netbeans-modules-j2ee-persistence-unit-PUDataObject-Registration.xml, org-netbeans-modules-languages-yaml-YamlLanguage-Extension.xml, org-netbeans-modules-html-HtmlDataObject-Registration.xml, org-netbeans-modules-maven-grammar-POMDataObject-Registration.xml, org-apache-tools-ant-module-loader-AntProjectDataObject-Registration.xml, org-netbeans-modules-apisupport-project-layers-LayerDataObject-Namespace.xml, org-netbeans-modules-editor-settings-storage-SettingsProvider-Registration.xml, org-netbeans-modules-url-URLDataObject-Extension.xml, org-netbeans-modules-pdf-PDFDataObject-Extension.xml, org-netbeans-modules-spring-beans-loader-SpringXMLConfigDataObject-Namespace.xml, org-netbeans-modules-xsl-XSLDataObject-Namespace.xml, org-netbeans-modules-cnd-asm-core-dataobjects-AsmDataObject-Extension.xml, org-netbeans-modules-cnd-source-CCDataObject-serialVersionUID-Registration.xml, org-netbeans-modules-java-jarloader-JarDataObject-Registration.xml, org-netbeans-modules-xml-jaxb-JAXBWizard-Extension.xml, org-netbeans-modules-cnd-loaders-ExeObject-Registration.xml, org-netbeans-lib-editor-codetemplates-storage-CodeTemplatesStorage-Namespace.xml, org-netbeans-modules-editor-macros-storage-MacrosStorage-Namespace.xml, org-netbeans-modules-profiler-oql-language-OQLLanguageProvider-Extension.xml, org-netbeans-modules-dbschema-jdbcimpl-DBschemaDataObject-Extension.xml, org-netbeans-modules-css-prep-editor-less-LessCslLanguage-Extension.xml, org-netbeans-modules-css-prep-editor-scss-ScssCslLanguage-Extension.xml, org-netbeans-modules-hibernate-loaders-cfg-HibernateCfgDataObject-Namespace.xml, org-netbeans-modules-hibernate-loaders-mapping-HibernateMappingDataObject-Namespace.xml, org-netbeans-modules-hibernate-loaders-reveng-HibernateRevengDataObject-Namespace.xml, org-netbeans-modules-hibernate-hqleditor-ui-HQLEditorTopComponent-Extension.xml, org-netbeans-modules-j2ee-persistence-jpqleditor-ui-JPQLEditorTopComponent-Extension.xml, org-netbeans-modules-profiler-snaptracer-impl-NpssDataObject-Registration.xml, org-netbeans-modules-java-hints-declarative-HintDataObject-Extension.xml, org-netbeans-modules-javafx2-editor-fxml-FXMLDataObject-Extension.xml, org-netbeans-modules-form-palette-PaletteItemDataObject-Extension.xml, org-netbeans-modules-xml-XMLDataObject-MIME_PLAIN_XML-Registration.xml, org-netbeans-modules-xml-DTDDataObject-Extension.xml, org-netbeans-modules-xml-EntityDataObject-Extension.xml, org-netbeans-modules-xml-XMLDataObject-MIME_XSD_XML-Registration.xml, org-netbeans-libs-freemarker-FreemarkerFactory-Registration.xml, org-netbeans-modules-apisupport-project-layers-LayerDataObject-Registration.xml, org-netbeans-modules-profiler-ui-NpsDataObject-Registration.xml, org-netbeans-modules-profiler-ui-HprofDataObject-Registration.xml, org-netbeans-modules-xml-XMLDataObject-Registration.xml, org-netbeans-modules-java-hints-declarative-test-DeclarativeHintsTestDataObject-Extension.xml]
WARNING [org.openide.filesystems.Ordering]: Not all children in Services/DiffProviders/ marked with the position attribute: [org-netbeans-modules-diff-cmdline-CmdlineDiffProvider.settings], but some are: [org-netbeans-modules-diff-builtin-provider-BuiltInDiffProvider.settings]
WARNING [org.openide.filesystems.Ordering]: Could not find both sides of relative ordering attribute org-netbeans-modules-usersguide-below-regular.txt/jindent-plugin-helpset.xml on Services/JavaHelp
WARNING [org.openide.filesystems.Ordering]: Not all children in Services/MIMEResolver/ marked with the position attribute: [draganbjedov-netbeans-csv-dataobject-CSVDataObject-Extension.xml], but some are: [org-openide-loaders-DataLoaderPool$InstanceLoaderSystem-Extension.xml, org-netbeans-core-startup-layers-SystemFileSystem-Extension.xml, org-netbeans-modules-java-JavaDataObject-Extension.xml, org-netbeans-modules-java-ClassDataObject-Extension.xml, org-netbeans-modules-image-ImageDataObject-serialVersionUID-Extension.xml, org-netbeans-modules-image-ImageDataObject-IMAGE_ICON_BASE-Extension.xml, org-netbeans-modules-image-ImageDataObject-openSupport-Extension.xml, org-netbeans-modules-image-ImageDataObject-printSupport-Extension.xml, org-netbeans-modules-properties-PropertiesDataObject-Extension.xml, org-netbeans-modules-languages-manifest-MfDataObject-Extension.xml, org-netbeans-modules-form-FormDataLoader-Extension.xml, org-netbeans-modules-cnd-loaders-CMakeDataObject-Registration.xml, org-netbeans-modules-cnd-script-loaders-ShellDataObject-Registration.xml, org-netbeans-modules-cnd-makefile-loaders-MakefileDataObject-Registration.xml, org-netbeans-core-ide-ServiceTabProcessor-Extension.xml, org-netbeans-modules-testng-TestNGSuiteDataObject-Registration.xml, org-netbeans-modules-css-editor-CssProjectSupport-Extension.xml, org-netbeans-modules-languages-diff-DiffDataObject-Extension.xml, org-netbeans-modules-javascript2-editor-JsLanguage-createMultiViewEditorElement-Extension.xml, org-netbeans-modules-javascript2-editor-JsonLanguage-createMultiViewEditorElement-Extension.xml, org-netbeans-modules-db-sql-loader-SQLDataObject-Extension.xml, org-netbeans-modules-javawebstart-JnlpDataObject-Extension.xml, org-netbeans-modules-cnd-source-CDataObject-Registration.xml, org-netbeans-modules-cnd-loaders-CMakeIncludeDataObject-Registration.xml, org-netbeans-modules-cnd-source-CCDataObject-Registration.xml, org-netbeans-modules-cnd-source-HDataObject-Registration.xml, org-netbeans-modules-cnd-loaders-QtProjectDataObject-Registration.xml, org-netbeans-modules-cnd-source-FortranDataObject-Registration.xml, org-netbeans-modules-j2ee-persistence-unit-PUDataObject-Registration.xml, org-netbeans-modules-languages-yaml-YamlLanguage-Extension.xml, org-netbeans-modules-html-HtmlDataObject-Registration.xml, org-netbeans-modules-maven-grammar-POMDataObject-Registration.xml, org-apache-tools-ant-module-loader-AntProjectDataObject-Registration.xml, org-netbeans-modules-apisupport-project-layers-LayerDataObject-Namespace.xml, org-netbeans-modules-editor-settings-storage-SettingsProvider-Registration.xml, org-netbeans-modules-url-URLDataObject-Extension.xml, org-netbeans-modules-pdf-PDFDataObject-Extension.xml, org-netbeans-modules-spring-beans-loader-SpringXMLConfigDataObject-Namespace.xml, org-netbeans-modules-xsl-XSLDataObject-Namespace.xml, org-netbeans-modules-cnd-asm-core-dataobjects-AsmDataObject-Extension.xml, org-netbeans-modules-cnd-source-CCDataObject-serialVersionUID-Registration.xml, org-netbeans-modules-java-jarloader-JarDataObject-Registration.xml, org-netbeans-modules-xml-jaxb-JAXBWizard-Extension.xml, org-netbeans-modules-cnd-loaders-ExeObject-Registration.xml, org-netbeans-lib-editor-codetemplates-storage-CodeTemplatesStorage-Namespace.xml, org-netbeans-modules-editor-macros-storage-MacrosStorage-Namespace.xml, org-netbeans-modules-profiler-oql-language-OQLLanguageProvider-Extension.xml, org-netbeans-modules-dbschema-jdbcimpl-DBschemaDataObject-Extension.xml, org-netbeans-modules-css-prep-editor-less-LessCslLanguage-Extension.xml, org-netbeans-modules-css-prep-editor-scss-ScssCslLanguage-Extension.xml, org-netbeans-modules-hibernate-loaders-cfg-HibernateCfgDataObject-Namespace.xml, org-netbeans-modules-hibernate-loaders-mapping-HibernateMappingDataObject-Namespace.xml, org-netbeans-modules-hibernate-loaders-reveng-HibernateRevengDataObject-Namespace.xml, org-netbeans-modules-hibernate-hqleditor-ui-HQLEditorTopComponent-Extension.xml, org-netbeans-modules-j2ee-persistence-jpqleditor-ui-JPQLEditorTopComponent-Extension.xml, org-netbeans-modules-profiler-snaptracer-impl-NpssDataObject-Registration.xml, org-netbeans-modules-java-hints-declarative-HintDataObject-Extension.xml, org-netbeans-modules-javafx2-editor-fxml-FXMLDataObject-Extension.xml, org-netbeans-modules-form-palette-PaletteItemDataObject-Extension.xml, org-netbeans-modules-xml-XMLDataObject-MIME_PLAIN_XML-Registration.xml, org-netbeans-modules-xml-DTDDataObject-Extension.xml, org-netbeans-modules-xml-EntityDataObject-Extension.xml, org-netbeans-modules-xml-XMLDataObject-MIME_XSD_XML-Registration.xml, org-netbeans-libs-freemarker-FreemarkerFactory-Registration.xml, org-netbeans-modules-apisupport-project-layers-LayerDataObject-Registration.xml, org-netbeans-modules-profiler-ui-NpsDataObject-Registration.xml, org-netbeans-modules-profiler-ui-HprofDataObject-Registration.xml, org-netbeans-modules-xml-XMLDataObject-Registration.xml, org-netbeans-modules-java-hints-declarative-test-DeclarativeHintsTestDataObject-Extension.xml]
WARNING [org.openide.util.ImageUtilities]: Initial slashes in Utilities.loadImage deprecated (cf. #20072): /org/netbeans/modules/dlight/terminal/action/terminal_options.png
INFO [org.netbeans.core.startup.NbEvents]: Turning on modules:
	org.openide.util.lookup [8.25.2 201505281753]
	org.openide.util [8.39.1 201411181905]
	org.openide.modules [7.43.1 201411181905]
	org.netbeans.api.annotations.common/1 [1.24.1 201411181905]
	org.openide.filesystems [8.12.1 201411181905]
	org.openide.awt [7.62.1 201411181905]
	org.openide.io [1.45.1 201411181905]
	org.netbeans.api.progress/1 [1.38.1 201411181905]
	org.openide.dialogs [7.38.1 201411181905]
	org.openide.nodes [7.39.1 201411181905]
	org.openide.windows [6.71.1 201411181905]
	org.netbeans.swing.tabcontrol [1.51.1 201411181905]
	org.netbeans.swing.outline [1.30.1 201411181905]
	org.openide.explorer [6.57.1 201411181905]
	org.netbeans.modules.editor.mimelookup/1 [1.36.1 201411181905]
	org.openide.text [6.62.2 201411181905]
	org.openide.actions [6.35.1 201411181905]
	org.netbeans.modules.queries/1 [1.39.1 201411181905]
	org.openide.loaders [7.57.2 201411181905]
	org.netbeans.modules.projectapi/1 [1.60.2 201411181905]
	terminal.extra [1.11 141216]
	ru.nullpointer.netbeans.plugins.EditorCloseLeftRight [1.0.0 1.0.0-20150213 201502131945]
	org.netbeans.modules.editor.settings/1 [1.53.1 201411181905]
	org.netbeans.modules.editor.util/1 [1.58.1 201411181905]
	org.netbeans.modules.lexer/2 [1.59.1.1 1 201411181905]
	org.netbeans.modules.editor.lib2/1 [1.85.1.43 43 201411181905]
	org.tvl.netbeans.editor.whitespace [1.0 140318]
	org.netbeans.modules.editor.indent/2 [1.37.1 201411181905]
	org.netbeans.spi.quicksearch [1.23.1 201411181905]
	org.netbeans.swing.plaf [1.37.1 201411181905]
	org.netbeans.modules.keyring [1.20.1 201411181905]
	org.netbeans.bootstrap/1 [2.69.3 201411181905]
	org.netbeans.core.startup/1 [1.55.2 201411181905]
	org.netbeans.modules.sampler [1.10.1 201411181905]
	org.netbeans.core/2 [3.46.1 201411181905]
	org.netbeans.modules.options.api/1 [1.41.1 201411181905]
	org.netbeans.modules.options.keymap [1.31.1 201411181905]
	org.netbeans.modules.editor.settings.storage/1 [1.45.1 201411181905]
	org.netbeans.modules.editor.fold/1 [1.40.1 201411181905]
	org.netbeans.modules.editor.lib/3 [3.49.2.22.43 22 201411181905]
	org.tvl.netbeans.editor.actions [1.0 140318]
	org.tvl.editor.containingfolder [1.0 140318]
	org.openide.options [6.32.1 201411181905]
	org.openide.execution [1.36.1 201411181905]
	org.netbeans.upgrader [4.31.2 201411181905]
	org.netbeans.swing.laf.dark/1 [1.0.2 2 201411181905]
	org.netbeans.swing.dirchooser [1.25.1 201411181905]
	org.netbeans.spi.viewmodel/2 [1.46.1 201411181905]
	org.netbeans.spi.tasklist/1 [1.30.1.1 1 201411181905]
	org.netbeans.spi.palette/1 [1.42.1 201411181905]
	org.netbeans.spi.navigator/1 [1.33.1 201411181905]
	org.netbeans.modules.editor.fold.nbui [1.7.1.43 201411181905]
	org.netbeans.modules.editor/3 [1.79.1.5.22.43 5 201411181905]
	org.netbeans.libs.javacapi [8.11.1.3 3 201411181905]
	org.netbeans.libs.javacimpl/1 [0.38.1.25 25 201411181905]
	org.netbeans.lib.nbjavac [1.13.1.2.25 2 201411181905]
	org.netbeans.modules.editor.errorstripe.api/1 [2.29.1.1 1 201411181905]
	org.netbeans.api.java.classpath/1 [1.42.1 201411181905]
	org.netbeans.api.java/1 [1.52.1 201411181905]
	org.netbeans.modules.java.platform/1 [1.35.1 201411181905]
	org.netbeans.modules.options.editor/1 [1.51.1 201411181905]
	org.netbeans.modules.editor.errorstripe/2 [2.30.1.1.1 1 201411181905]
	org.netbeans.modules.diff/1 [1.47.1.42.1 42 201411181905]
	org.netbeans.modules.editor.guards/1 [1.26.1 201411181905]
	org.netbeans.modules.project.indexingbridge [1.13.1 201411181905]
	org.netbeans.modules.masterfs/2 [2.48.3 201502261250]
	org.netbeans.libs.lucene/3 [3.16.1 201411181905]
	org.netbeans.modules.parsing.lucene/2 [2.28.1.1 1 201411181905]
	org.netbeans.modules.projectuiapi/1 [1.81.1.8 8 201505281753]
	org.netbeans.modules.parsing.api/1 [1.78.3.8 8 201411181905]
	org.netbeans.modules.refactoring.api [1.40.1.1 1 201411181905]
	org.netbeans.modules.classfile/1 [1.45.1 201411181905]
	org.netbeans.modules.editor.indent.project/0 [1.18.1 201411181905]
	org.netbeans.core.multiview/1 [1.40.1 201411181905]
	org.netbeans.modules.java.lexer/1 [1.28.1 201411181905]
	org.netbeans.modules.java.preprocessorbridge [1.35.1.1 1 201411181905]
	org.netbeans.modules.java.source [0.138.3.32.2.25.8 32 201502261250]
	org.netbeans.modules.project.libraries/1 [1.47.1 201411181905]
	org.apache.xml.resolver [1.28.1.12 12 201411181905]
	org.netbeans.api.xml/1 [1.39.1 201411181905]
	org.netbeans.modules.xml.catalog/2 [1.37.1.4 4 201411181905]
	org.netbeans.modules.project.ant/1 [1.60.1 201411181905]
	org.netbeans.api.search [1.17.2 201502261250]
	org.netbeans.modules.options.java [1.10.1 201411181905]
	org.apache.tools.ant.module/3 [3.76.2.2 2 201502261250]
	org.netbeans.modules.java.project/1 [1.60.1 201411181905]
	org.netbeans.modules.settings/1 [1.45.1 201411181905]
	org.netbeans.spi.editor.hints/0 [1.35.1.7.43 7 201411181905]
	org.netbeans.modules.autoupdate.services [1.47.2 201411181905]
	org.netbeans.modules.autoupdate.ui [1.41.1 201411181905]
	org.netbeans.core.windows/2 [2.77.2 201411181905]
	org.netbeans.modules.code.analysis/0 [1.21.2 201411181905]
	org.netbeans.spi.java.hints [1.21.1.13.2.25.32.8 13 201411181905]
	org.netbeans.modules.editor.tools.storage [1.4.1 201411181905]
	org.netbeans.spi.editor.hints.projects [1.7.1.1.7 1 201411181905]
	org.netbeans.api.debugger/1 [1.46.2 201411181905]
	org.netbeans.spi.debugger.ui/1 [2.46.1 201411181905]
	org.netbeans.modules.xml.core/2 [1.39.1.4 4 201411181905]
	org.netbeans.modules.xml.xam/1 [1.28.1.1 1 201411181905]
	org.netbeans.modules.xml.retriever/1 [1.27.1 201411181905]
	org.netbeans.modules.xml.schema.model/1 [1.28.1.1 1 201411181905]
	org.netbeans.modules.xml.axi [1.27.1 201411181905]
	org.netbeans.modules.editor.bracesmatching/0 [1.34.1.43 201411181905]
	org.netbeans.modules.editor.deprecated.pre65formatting/0 [1.23.1.1.5.22.43 1 201411181905]
	org.netbeans.modules.editor.completion/1 [1.40.1.2 2 201411181905]
	org.netbeans.modules.editor.codetemplates/1 [1.38.1.1 1 201411181905]
	org.netbeans.modules.editor.breadcrumbs/0 [1.12.1 201411181905]
	org.netbeans.core.ui/1 [1.41.1 201411181905]
	org.netbeans.modules.jumpto/1 [1.42.1.1 1 201411181905]
	org.netbeans.modules.editor.actions/1 [1.26.1.43 201411181905]
	org.netbeans.modules.csl.api/2 [2.47.1.2.1.1.8 2 201411181905]
	org.netbeans.modules.editor.structure/1 [1.43.1.1 1 201411181905]
	org.netbeans.modules.xml.lexer [1.26.1 201411181905]
	org.netbeans.modules.xml.text/2 [1.44.1 201411181905]
	org.netbeans.modules.xml [1.27.1 201411181905]
	org.netbeans.modules.servletapi/1 [1.36.1 201411181905]
	org.netbeans.modules.httpserver/2 [2.32.1.42 42 201411181905]
	org.netbeans.modules.xsl/1 [1.39.1 201411181905]
	org.netbeans.modules.xml.xdm/1 [1.29.1.1 1 201411181905]
	org.netbeans.modules.xml.wsdl.model/1 [1.29.1.1 1 201411181905]
	org.netbeans.libs.xerces/1 [1.35.1.281 281 201411181905]
	org.netbeans.modules.xml.tax/2 [1.39.1.281 201411181905]
	org.netbeans.modules.xml.tools/2 [1.39.1 201411181905]
	org.netbeans.modules.xml.tools.java [1.25.1 201411181905]
	org.netbeans.modules.xml.schema.completion [1.26.1 201411181905]
	org.netbeans.modules.xml.multiview/1 [1.34.1.2 2 201411181905]
	org.netbeans.modules.xml.jaxb.api/1 [1.23.1 201411181905]
	org.netbeans.modules.xml.jaxb/1 [1.26.1 201411181905]
	org.netbeans.modules.whitelist [1.19.1 201411181905]
	org.netbeans.core.execution/1 [1.37.1 201411181905]
	org.netbeans.modules.sendopts/2 [2.31.1 201411181905]
	org.netbeans.modules.favorites/1 [1.40.1 201411181905]
	org.netbeans.modules.projectui [1.53.2.8 201505281753]
	org.netbeans.modules.welcome/1 [1.38.1 201411181905]
	org.netbeans.core.ide/1 [1.37.1 201411181905]
	org.netbeans.modules.websvc.jaxwsmodelapi/1 [1.23.1 201411181905]
	org.netbeans.modules.websvc.saas.api [1.27.1 201411181905]
	org.netbeans.modules.websvc.saas.ui [1.24.1 201411181905]
	org.netbeans.modules.websvc.saas.services.zvents [1.24.1 201411181905]
	org.netbeans.modules.websvc.saas.services.zillow [1.24.1 201411181905]
	org.netbeans.modules.websvc.saas.services.weatherbug [1.24.1 201411181905]
	org.netbeans.modules.websvc.saas.services.strikeiron [1.24.1 201411181905]
	org.netbeans.modules.websvc.saas.services.google [1.25.1 201411181905]
	org.netbeans.modules.websvc.saas.services.flickr [1.25.1 201411181905]
	org.netbeans.modules.websvc.saas.services.delicious [1.24.1 201411181905]
	org.netbeans.modules.websvc.saas.services.amazon [1.25.1 201411181905]
	org.netbeans.modules.websvc.saas.codegen [1.26.1 201411181905]
	org.netbeans.core.multitabs/1 [1.8.1.1 1 201411181905]
	org.netbeans.modules.editor.bookmarks/1 [1.33.1 201411181905]
	org.netbeans.modules.extexecution/2 [1.42.1 201411181905]
	org.netbeans.modules.extbrowser/1 [1.48.1 201411181905]
	org.netbeans.modules.editor.plain.lib/1 [1.30.1 201411181905]
	org.netbeans.lib.terminalemulator [1.31.3 201502261250]
	org.netbeans.modules.terminal [1.19.2 201502261250]
	com.jcraft.jsch [0.1.49 0.1.49]
	org.netbeans.libs.jna/1 [1.38.1 201411181905]
	org.netbeans.modules.dlight.nativeexecution [1.34.5.1 1 201502261250]
	org.netbeans.modules.dlight.terminal [1.19.2.1 1 201502261250]
	org.netbeans.modules.tasklist.projectint/1 [1.25.1 201411181905]
	org.netbeans.modules.tasklist.todo/1 [1.27.1.1 1 201411181905]
	org.netbeans.modules.tasklist.ui/1 [1.27.1.1.1 1 201411181905]
	org.netbeans.modules.tasklist.kit [1.25.1 201411181905]
	org.netbeans.core.multitabs.project [1.6.1.1.1 1 201411181905]
	org.netbeans.modules.editor.search [1.19.1.0.43 0 201411181905]
	org.netbeans.modules.languages.diff [1.29.1 201411181905]
	org.netbeans.modules.web.common [1.70.1 201411181905]
	org.netbeans.modules.html.lexer/1 [1.35.1 201411181905]
	org.netbeans.modules.html.editor.lib/3 [3.27.1 201411181905]
	org.apache.commons.logging [1.1.1 1.1.1]
	org.netbeans.modules.html.parser/1 [1.29.1.1 1 201411181905]
	org.netbeans.modules.html.validation/1 [1.26.1 201411181905]
	org.netbeans.libs.antlr3.runtime [1.18.1.1 1 201411181905]
	org.netbeans.modules.css.lib/1 [1.72.1 201411181905]
	org.netbeans.modules.web.indent [1.16.1 201411181905]
	org.netbeans.modules.css.model [1.27.1 201411181905]
	org.netbeans.modules.css.editor/1 [1.62.1 201411181905]
	org.netbeans.modules.web.browser.api [1.40.1 201411181905]
	org.netbeans.modules.html/1 [1.56.1 201411181905]
	org.netbeans.modules.html.editor/2 [2.49.2 201502261250]
	org.netbeans.libs.nashorn/1 [1.16.1 201411181905]
	org.netbeans.modules.javascript2.editor/1 [0.44.6 201505281753]
	org.netbeans.modules.javascript2.prototypejs [0.1.1 201411181905]
	org.netbeans.modules.javascript2.requirejs [0.1.1 201411181905]
	org.netbeans.modules.javascript2.extjs [1.4.1 201411181905]
	org.netbeans.modules.javascript2.jquery [1.4.1 201411181905]
	org.netbeans.modules.javascript2.knockout [1.4.1 201411181905]
	org.netbeans.modules.javascript2.kit/1 [0.9.1 201411181905]
	org.netbeans.modules.languages.manifest [1.28.1 201411181905]
	org.netbeans.core.output2/1 [1.37.1 201411181905]
	org.netbeans.modules.css.visual/3 [3.27.1 201411181905]
	org.netbeans.modules.properties/1 [1.50.1 201411181905]
	org.netbeans.libs.bytelist/1 [0.24.1.1 1 201411181905]
	org.netbeans.libs.jvyamlb/1 [0.26.1 201411181905]
	org.netbeans.modules.languages.yaml [2.28.1 201411181905]
	org.netbeans.modules.image/1 [1.44.1 201411181905]
	org.netbeans.modules.editor.kit [1.29.1 201411181905]
	org.netbeans.modules.print [7.22.1 201411181905]
	org.netbeans.modules.autoupdate.cli [1.9.1 201411181905]
	org.netbeans.libs.osgi [1.18.1 201411181905]
	org.netbeans.libs.felix [2.12.1 201411181905]
	org.netbeans.modules.core.kit [1.26.1 201411181905]
	org.netbeans.modules.defaults/1 [1.28.1 201411181905]
	org.netbeans.modules.print.editor [7.23.1 201411181905]
	org.netbeans.modules.utilities/1 [1.56.1 201411181905]
	org.netbeans.modules.javahelp/1 [2.37.1 201411181905]
	org.netbeans.modules.usersguide/1 [1.45.1 201411181905]
	org.netbeans.modules.editor.macros/0 [1.27.1.1.22 1 201411181905]
	org.netbeans.modules.editor.plain/2 [1.31.1 201411181905]
	org.netbeans.modules.ide.kit [1.29.1 201411181905]
	org.netbeans.modules.websvc.saas.kit [1.24.1 201411181905]
	org.netbeans.modules.websvc.jaxws21api/1 [1.28.1 201411181905]
	org.netbeans.libs.jaxb/1 [1.28.1 201411181905]
	org.netbeans.modules.websvc.jaxws21/1 [1.29.1 201411181905]
	org.netbeans.libs.json_simple/1 [0.9.1 201411181905]
	org.netbeans.modules.web.webkit.debugging [1.36.2 201502261250]
	org.netbeans.modules.versioning.core/1 [1.21.1.1.42 1 201411181905]
	org.netbeans.modules.versioning/1 [1.43.1.1 1 201411181905]
	org.netbeans.modules.spellchecker.apimodule [1.21.1 201411181905]
	org.netbeans.modules.versioning.util [1.60.1.42.1 201411181905]
	org.netbeans.modules.team.commons [1.42.1 201411181905]
	org.netbeans.modules.versioning.ui/1 [1.18.1.42.1 201411181905]
	org.netbeans.modules.versioning.system.cvss.installer [1.12.1 201411181905]
	org.netbeans.lib.cvsclient/1 [1.30 201411181905]
	org.netbeans.modules.versioning.system.cvss/1 [1.25.1.42.1 1 201411181905]
	org.netbeans.modules.versioning.masterfs [1.10.1 201411181905]
	org.netbeans.modules.versioning.indexingbridge/0 [1.21.1 201411181905]
	org.netbeans.modules.utilities.project/1 [1.34.1 201411181905]
	org.netbeans.modules.updatecenters/1 [1.36.2 201411181905]
	org.netbeans.lib.uihandler [1.41.1 201411181905]
	org.netbeans.modules.uihandler [2.31.2 201412101605]
	org.netbeans.modules.uihandler.exceptionreporter [1.25.1 201411181905]
	org.jdesktop.beansbinding/1 [1.24.1.121 121 201411181905]
	org.netbeans.modules.maven.embedder/2 [2.46.1 201411181905]
	org.netbeans.modules.maven.indexer/2 [2.31.1 201411181905]
	org.apache.commons.codec [1.3.0 1.3.0]
	org.netbeans.modules.maven.model/1 [1.38.1 201411181905]
	org.netbeans.modules.java.sourceui/1 [1.38.3.1.32 1 201502261250]
	org.netbeans.modules.java.api.common/0 [1.72.1 201411181905]
	org.netbeans.api.debugger.jpda/2 [2.49.2 201411181905]
	org.netbeans.modules.swing.validation/2 [1.28.1 201411181905]
	org.netbeans.modules.maven/2 [2.107.5 201502261250]
	org.netbeans.modules.gsf.testrunner/1 [1.43.1 201411181905]
	org.netbeans.modules.gototest/1 [1.28.1 201411181905]
	org.netbeans.libs.testng/1 [1.11.1 201411181905]
	org.netbeans.modules.java.testrunner [1.13.1 201411181905]
	org.netbeans.modules.testng [2.15.1 201411181905]
	org.netbeans.modules.testng.maven [2.12.1 201411181905]
	org.netbeans.modules.testng.ant [2.11.1 201411181905]
	org.netbeans.modules.templates/1 [1.3.1 201411181905]
	org.netbeans.libs.swingx/1 [1.24.1 201411181905]
	org.netbeans.modules.team.ide [1.9.1 201411181905]
	org.netbeans.libs.ini4j/1 [1.27.1 201411181905]
	org.netbeans.libs.svnClientAdapter/1 [1.36.1 201411181905]
	org.netbeans.modules.subversion [1.37.1.42.1 201411181905]
	org.netbeans.libs.cglib/1 [1.23.1 201411181905]
	org.netbeans.libs.springframework/1 [1.34.1 201411181905]
	org.netbeans.modules.j2ee.core.utilities/0 [1.29.1 201411181905]
	org.netbeans.modules.j2ee.metadata/0 [1.28.1 201411181905]
	org.netbeans.modules.ant.browsetask [1.37.1 201411181905]
	org.netbeans.modules.ant.debugger/1 [1.33.1.2 201411181905]
	org.netbeans.modules.ant.freeform/1 [1.42.1 201411181905]
	org.netbeans.modules.projectui.buildmenu/1 [1.23.1.1 1 201411181905]
	org.netbeans.modules.ant.kit [1.26.1 201411181905]
	org.netbeans.modules.i18n/1 [1.49.1 201411181905]
	org.netbeans.modules.refactoring.java/1 [1.51.3.1 1 201502261250]
	org.netbeans.modules.j2ee.metadata.model.support/1 [1.27.1 201411181905]
	org.netbeans.modules.j2ee.persistenceapi/1 [1.30.1.1 1 201411181905]
	org.netbeans.modules.debugger.jpda.ant [1.34.1 201411181905]
	org.netbeans.modules.java.j2seproject/1 [1.75.2.48 48 201411181905]
	org.netbeans.modules.javawebstart [1.28.1 201411181905]
	org.netbeans.modules.junit/2 [2.64.1 201411181905]
	org.netbeans.modules.java.freeform/1 [1.39.1 201411181905]
	org.netbeans.modules.java.j2seembedded [1.5.1 201411181905]
	org.netbeans.modules.java.debug [1.33.1.1.25.32 1 201411181905]
	org.netbeans.modules.java.examples/1 [1.32.1 201411181905]
	org.netbeans.modules.java.hints.ui [1.13.1.1.13 1 201411181905]
	org.netbeans.modules.java.editor.lib/1 [1.34.1 201411181905]
	org.netbeans.modules.java.editor/1 [2.60.2.10.1.1 10 201502261250]
	org.netbeans.modules.java.navigation/1 [1.35.1 201411181905]
	org.netbeans.modules.findbugs.installer [1.12.1 201411181905]
	org.netbeans.modules.java.hints.legacy.spi/1 [1.11.1.1.13 1 201411181905]
	org.netbeans.modules.java.hints/1 [1.76.2.15.10.1.32.1.13 15 201502261250]
	org.netbeans.modules.java.hints.declarative/1 [1.16.1.1.15.1.13 1 201411181905]
	org.netbeans.modules.java.j2seprofiles [1.4.1 201411181905]
	org.netbeans.modules.java.j2sedeploy [1.8.1 201411181905]
	org.netbeans.modules.java.j2seplatform/1 [1.37.2 201411181905]
	org.netbeans.modules.javadoc/1 [1.50.1 201411181905]
	org.netbeans.modules.nashorn.execution/1 [1.2.1 201411181905]
	org.netbeans.modules.beans/1 [1.46.1.1.10 1 201411181905]
	org.netbeans.modules.spellchecker.bindings.java/1 [1.26.1 201411181905]
	org.netbeans.modules.java.source.ant [1.26.1.1.32 1 201411181905]
	org.netbeans.modules.projectimport.eclipse.core/1 [2.26.1 201411181905]
	org.netbeans.modules.java.kit [1.29.1 201411181905]
	org.netbeans.modules.spring.beans/0 [1.35.1.1 1 201411181905]
	org.netbeans.modules.spellchecker [1.31.1.1.7 1 201411181905]
	org.netbeans.modules.spellchecker.kit [1.22.1 201411181905]
	org.netbeans.modules.spellchecker.dictionary_en [1.19.1 201411181905]
	org.netbeans.modules.properties.syntax/1 [1.46.1 201411181905]
	org.netbeans.modules.spellchecker.bindings.properties [1.18.1 201411181905]
	org.netbeans.modules.spellchecker.bindings.htmlxml [1.23.1 201411181905]
	org.netbeans.modules.schema2beans/1 [1.43.1 201411181905]
	org.netbeans.modules.dlight.libs.common [1.32.3.1 1 201502261250]
	org.netbeans.modules.dlight.remote [1.25.11.1 1 201502261250]
	org.netbeans.modules.dlight.remote.impl [1.23.5.1 1 201502261250]
	org.netbeans.modules.remotefs.versioning [1.11.2.1 1 201502261250]
	org.netbeans.modules.projectimport.eclipse.j2se [1.24.1.48 201411181905]
	org.netbeans.modules.progress.ui [1.29.2 201411181905]
	org.netbeans.modules.profiler.utilities/1 [1.31.1 201411181905]
	org.netbeans.lib.profiler/1 [1.59.3 201502261250]
	org.netbeans.lib.profiler.charts/1 [1.25.1 201411181905]
	org.netbeans.lib.profiler.common/1 [1.32.1 201411181905]
	org.netbeans.modules.profiler.api/1 [1.19.1 201411181905]
	org.netbeans.lib.profiler.ui/1 [1.45.1 201411181905]
	org.netbeans.modules.profiler.attach/2 [2.15.1 201411181905]
	org.netbeans.modules.profiler.selector.api/1 [1.29.1 201411181905]
	org.netbeans.modules.profiler.selector.ui/1 [1.26.1 201411181905]
	org.netbeans.modules.profiler/2 [2.22.1 201411181905]
	org.netbeans.modules.profiler.ppoints [1.14.1 201411181905]
	org.netbeans.modules.profiler.stp [1.12.1 201411181905]
	org.netbeans.modules.profiler.snaptracer/1 [1.17.1 201411181905]
	org.netbeans.modules.profiler.projectsupport [1.28.1 201411181905]
	org.netbeans.modules.profiler.oql/2 [2.12.1 201411181905]
	org.netbeans.modules.profiler.oql.language/0 [0.25.1 201411181905]
	org.netbeans.modules.profiler.options [1.13.1 201411181905]
	org.netbeans.modules.profiler.categorization.api/1 [1.13.1 201411181905]
	org.netbeans.modules.profiler.nbimpl/1 [1.14.1 201411181905]
	org.netbeans.modules.profiler.nbmodule/1 [1.30.1 201411181905]
	org.netbeans.modules.profiler.heapwalker [1.99.1 201411181905]
	org.netbeans.modules.profiler.drilldown/1 [1.12.1 201411181905]
	org.netbeans.modules.profiler.kit [1.14.1 201411181905]
	org.netbeans.modules.profiler.j2se/1 [1.31.1 201411181905]
	org.netbeans.modules.profiler.freeform/1 [1.30.1 201411181905]
	org.netbeans.modules.parsing.ui [1.10.1 201411181905]
	org.netbeans.modules.notifications [1.4.1 201411181905]
	org.netbeans.core.netigso [1.27.1 201411181905]
	org.netbeans.modules.netbinox [1.36.1 201411181905]
	org.eclipse.mylyn.commons.net [3.10.0 3.10.0.20131018-1210]
	org.eclipse.mylyn.tasks.core [3.10.0 3.10.0.20131010-2023]
	org.eclipse.core.jobs [3.5.101 3.5.101.v20120113-1953]
	org.eclipse.mylyn.wikitext.core [1.9.0 1.9.0.20131007-2055]
	org.netbeans.modules.bugtracking [1.102.2 201411181905]
	org.eclipse.equinox.common [3.6.0 3.6.0.v20110523]
	org.eclipse.core.runtime [3.7.0 3.7.0.v20110110]
	org.netbeans.modules.mylyn.util [1.28.1 201411181905]
	org.netbeans.modules.mercurial [1.38.2.42.1 201411181905]
	org.netbeans.modules.maven.spring/1 [1.25.1 201411181905]
	org.netbeans.modules.gsf.codecoverage [1.28.1 201411181905]
	org.netbeans.modules.maven.coverage [1.19.1 201411181905]
	org.netbeans.modules.maven.repository/1 [1.38.1 201411181905]
	org.netbeans.api.visual [2.43.1 201411181905]
	org.netbeans.modules.maven.graph/1 [1.28.1 201411181905]
	org.netbeans.modules.maven.grammar/1 [1.42.1.1 201411181905]
	org.netbeans.modules.maven.osgi/1 [1.30.1 201411181905]
	org.netbeans.modules.maven.refactoring [1.16.1 201411181905]
	org.netbeans.modules.maven.checkstyle [1.13.1 201411181905]
	org.netbeans.modules.maven.kit/1 [4.27.1 201411181905]
	org.netbeans.modules.maven.search [1.28.1 201411181905]
	org.netbeans.modules.maven.profiler/1 [1.26.1 201411181905]
	org.netbeans.modules.maven.persistence/1 [1.25.1 201411181905]
	org.netbeans.modules.maven.junit/1 [1.28.1 201411181905]
	org.netbeans.modules.maven.hints/1 [1.36.1 201411181905]
	org.netbeans.libs.freemarker/1 [2.30.1.238 238 201411181905]
	org.netbeans.modules.apisupport.project/1 [1.71.1 201411181905]
	org.netbeans.modules.maven.apisupport/1 [1.54.1 201411181905]
	org.netbeans.modules.masterfs.nio2 [1.12.1 201411181905]
	org.netbeans.modules.masterfs.linux [1.10.1 201411181905]
	org.netbeans.modules.logman [2.0 131226]
	org.netbeans.modules.bugtracking.commons [1.3.1 201411181905]
	org.netbeans.modules.localtasks [1.21.1 201411181905]
	org.netbeans.modules.localhistory [1.30.1 201411181905]
	org.netbeans.modules.linetools/1 [1.21 130831]
	org.netbeans.modules.lexer.nbbridge/1 [1.28.1.1 201411181905]
	org.netbeans.modules.keyring.fallback [1.4.1 201411181905]
	org.netbeans.modules.keyring.impl [1.20.1 201411181905]
	org.netbeans.libs.junit4 [1.14 201411181905]
	org.netbeans.modules.junitlib [1.1 201411181905]
	org.netbeans.modules.javascript2.debug/1 [1.3.1 201411181905]
	org.netbeans.modules.javafx2.platform [1.22.2 201411181905]
	org.netbeans.modules.javafx2.project [1.26.1 201411181905]
	org.netbeans.modules.javafx2.editor [1.17.1.10.32 201411181905]
	org.netbeans.modules.javafx2.scenebuilder [1.13.2 201505281753]
	org.netbeans.modules.javafx2.samples [1.13.1 201411181905]
	org.netbeans.modules.j2ee.eclipselinkmodelgen/1 [1.29.2 201411181905]
	org.netbeans.modules.db.metadata.model/1 [1.7.1 201411181905]
	org.netbeans.modules.db/1 [1.61.1.30 30 201411181905]
	org.netbeans.modules.dbapi [1.30.1.30 201411181905]
	org.netbeans.modules.dbschema/1 [1.36.1.4.30 4 201411181905]
	org.netbeans.modules.javaee.injection [1.3.1 201411181905]
	org.netbeans.modules.j2ee.eclipselink/1 [1.29.2 201411181905]
	org.netbeans.modules.j2ee.persistence [1.46.2.1 1 201411181905]
	org.netbeans.modules.j2ee.jpa.refactoring [1.27.1 201411181905]
	org.netbeans.modules.j2ee.jpa.verification [1.31.2 201411181905]
	org.netbeans.modules.db.dataview [1.25.1 201411181905]
	org.netbeans.modules.db.core [1.32.1 201411181905]
	org.netbeans.modules.db.sql.editor [1.32.1.30 201411181905]
	org.netbeans.modules.db.drivers [1.26.1 201411181905]
	org.netbeans.modules.db.sql.visualeditor/1 [2.27.1.30 201411181905]
	org.netbeans.modules.db.mysql [0.24.1.2 2 201411181905]
	org.netbeans.modules.derby [1.36.1 201411181905]
	org.netbeans.modules.db.kit [1.27.1 201411181905]
	org.netbeans.modules.j2ee.persistence.kit [1.29.1 201411181905]
	org.netbeans.modules.debugger.jpda.projects [1.30.2 201411181905]
	org.netbeans.modules.debugger.jpda/2 [1.73.3.80 80 201411181905]
	org.netbeans.modules.debugger.jpda.ui/1 [1.44.1 201411181905]
	org.netbeans.modules.debugger.jpda.visual/1 [1.13.3 201502261250]
	org.netbeans.modules.debugger.jpda.js/1 [1.2.2 201502261250]
	org.netbeans.modules.debugger.jpda.kit [1.12.1 201411181905]
	org.netbeans.modules.java.guards/0 [0.27.1 201411181905]
	org.netbeans.modules.java.source.queries [1.14.1 201411181905]
	org.netbeans.modules.form/2 [1.53.1.4 4 201411181905]
	org.jdesktop.layout/1 [1.30.1 201411181905]
	org.netbeans.modules.form.nb/0 [0.14.1.1.4 1 201411181905]
	org.netbeans.modules.form.binding/0 [0.13.1.1.4.1 1 201411181905]
	org.netbeans.modules.i18n.form/2 [1.46.1.4.1 201411181905]
	org.netbeans.modules.form.refactoring/0 [0.13.1.1.4.1 1 201411181905]
	org.netbeans.modules.form.kit [1.25.1 201411181905]
	org.netbeans.modules.javafx2.kit [1.14.1 201411181905]
	org.netbeans.modules.java.source.queriesimpl [1.13.1 201411181905]
	org.netbeans.modules.java.metrics [1.4.1 201411181905]
	org.netbeans.modules.autoupdate.pluginimporter [1.16.1 201411181905]
	org.netbeans.modules.deadlock.detector [1.2.1 201411181905]
	org.netbeans.modules.ide.branding/1 [1.29.2 201411181905]
	org.netbeans.modules.ide.branding.kit [1.25.1 201411181905]
	org.netbeans.libs.commons_net/2 [2.17.1.33 33 201411181905]
	org.netbeans.modules.hudson [2.7.2 201411181905]
	org.netbeans.modules.hudson.ui [1.6.1 201411181905]
	org.netbeans.modules.hudson.tasklist [1.13.1 201411181905]
	org.netbeans.modules.hudson.subversion [1.25.1 201411181905]
	org.netbeans.modules.hudson.mercurial [1.25.1 201411181905]
	org.netbeans.modules.hudson.maven [1.25.1 201411181905]
	org.netbeans.modules.hudson.git [1.14.1 201411181905]
	org.netbeans.modules.hudson.ant [1.23.1 201411181905]
	org.netbeans.modules.html.knockout [1.6.1 201411181905]
	org.netbeans.modules.html.custom [1.2.1 201411181905]
	org.netbeans.core.browser/1 [1.24.1.1 1 201411181905]
	org.netbeans.modules.html.angular [1.7.2 201411181905]
	org.netbeans.modules.hibernate4lib/1 [1.4.1.238 201411181905]
	org.netbeans.modules.hibernate/1 [1.29.1.1 1 201411181905]
	org.eclipse.jgit [3.6.2 3.6.2.201501210735-r]
	org.netbeans.libs.jna.platform/1 [1.8.1 201411181905]
	org.netbeans.libs.jsch.agentproxy/1 [0.9.1 201411181905]
	org.netbeans.libs.git/1 [1.27.2 201411181905]
	org.netbeans.modules.git [1.16.2.1 201411181905]
	org.netbeans.modules.form.j2ee/0 [0.29.1.1.4.1 1 201411181905]
	org.apache.commons.io [1.4 1.4]
	org.netbeans.modules.extexecution.impl [1.21.1 201411181905]
	org.netbeans.modules.editor.mimelookup.impl/1 [1.27.1 201411181905]
	org.netbeans.modules.editor.global.format/1 [1.11.1.1 1 201411181905]
	org.netbeans.modules.dlight.kit [1.22.2.1 1 201502261250]
	org.netbeans.modules.debugger.jpda.heapwalk/1 [1.27.1 201411181905]
	org.netbeans.modules.css.prep [1.21.2 201411181905]
	org.netbeans.modules.cnd.utils [1.43.14.2 2 201502261250]
	org.netbeans.modules.cnd.api.remote/1 [1.22.5.1 1 201502261250]
	org.netbeans.modules.cnd.lexer/1 [1.30.5.1 1 201502261250]
	org.netbeans.modules.cnd.source [1.19.3.1 1 201502261250]
	org.netbeans.modules.cnd.api.project/1 [1.31.9.1 1 201502261250]
	org.netbeans.modules.cnd.toolchain [1.29.6.1 1 201502261250]
	org.netbeans.modules.cnd/1 [1.33.4.1 1 201502261250]
	org.netbeans.modules.cnd.makeproject/2 [2.48.16.1 1 201502261250]
	org.netbeans.modules.cnd.api.model/1 [1.31.15.1 1 201502261250]
	org.netbeans.modules.cnd.modelutil/1 [1.32.7.1 1 201502261250]
	org.netbeans.modules.cnd.testrunner [1.20.2.1 1 201502261250]
	org.netbeans.modules.cnd.script [1.18.2.1 1 201502261250]
	org.netbeans.modules.cnd.spellchecker.bindings/1 [1.27.2.1 1 201502261250]
	org.netbeans.modules.cnd.model.services/1 [1.42.18.1 1 201502261250]
	org.netbeans.modules.cnd.simpleunit [1.18.3.1.1 1 201502261250]
	org.netbeans.modules.cnd.search [1.10.3 201502261250]
	org.netbeans.modules.cnd.repository.api/1 [1.28.7.1 1 201502261250]
	org.netbeans.modules.cnd.repository [1.27.5.1 1 201502261250]
	org.netbeans.modules.cnd.remote [1.24.7.1 1 201502261250]
	org.netbeans.modules.cnd.discovery [1.42.7.1 1 201502261250]
	org.netbeans.modules.cnd.remote.projectui [1.12.5.1 1 201502261250]
	org.netbeans.modules.cnd.editor/1 [1.27.5.1 1 201502261250]
	org.netbeans.modules.cnd.refactoring/1 [1.26.5.1 1 201502261250]
	org.netbeans.modules.cnd.qnavigator/1 [1.28.3.1 1 201502261250]
	org.netbeans.modules.cnd.callgraph [1.29.3.1 1 201502261250]
	org.netbeans.modules.cnd.navigation [1.32.5.1 1 201502261250]
	org.netbeans.modules.cnd.indexing [1.9.3.1 1 201502261250]
	org.netbeans.modules.cnd.antlr [2.34.4.1 1 201502261250]
	org.netbeans.modules.cnd.apt [1.39.7.1 1 201502261250]
	org.netbeans.modules.cnd.modelimpl/1 [1.48.11.1 1 201502261250]
	org.netbeans.modules.cnd.dwarfdump [1.31.4.1 1 201502261250]
	org.netbeans.modules.cnd.analysis.api [1.0.8 201502261250]
	org.netbeans.modules.cnd.highlight [1.28.5.1.1 1 201502261250]
	org.netbeans.modules.cnd.modelui [1.30.2.1 1 201502261250]
	org.netbeans.modules.cnd.modeldiscovery [1.27.2.1 1 201502261250]
	org.netbeans.modules.cnd.makeproject.source.bridge [1.22.3.1 1 201502261250]
	org.netbeans.modules.cnd.gotodeclaration [1.28.3.1 1 201502261250]
	org.netbeans.modules.cnd.completion/1 [1.30.9.1 1 201502261250]
	org.netbeans.modules.cnd.dwarfdiscovery [1.29.2.1 1 201502261250]
	org.netbeans.modules.cnd.classview/1 [1.27.2.1 1 201502261250]
	org.netbeans.modules.cnd.asm/1 [1.25.3.2 2 201502261250]
	org.netbeans.modules.cnd.debugger.common2/3 [3.25.15.3 3 201502261250]
	org.netbeans.modules.cnd.analysis.impl [1.0.2 201502261250]
	org.netbeans.modules.cnd.cncppunit [1.19.3.1.1 1 201502261250]
	org.netbeans.modules.cnd.debugger.gdb2/1 [1.20.10.1 1 201502261250]
	org.netbeans.modules.cnd.folding [1.27.2.1 1 201502261250]
	org.netbeans.modules.cnd.kit [1.27.2.1 1 201502261250]
	org.netbeans.modules.cnd.debugger.gdbserver [2.3.1 1 20150310-e3ac90420591]
	org.eclipse.mylyn.bugzilla.core [3.10.0 3.10.0.20131024-1218]
	org.apache.commons.httpclient [3.1.0 3.1.0]
	org.netbeans.modules.bugzilla [1.72.2 201411181905]
	org.netbeans.modules.bugzilla.exceptionreporter [1.20.1 201411181905]
	org.netbeans.modules.bugtracking.bridge [1.41.1 201411181905]
	org.netbeans.modules.apisupport.wizards [1.15.1 201411181905]
	org.netbeans.modules.apisupport.refactoring [1.32.1 201411181905]
	org.netbeans.modules.apisupport.ant [2.67.1 201411181905]
	org.netbeans.modules.apisupport.paintapp [1.27.1 201411181905]
	org.netbeans.modules.apisupport.osgidemo [1.19.1 201411181905]
	org.netbeans.libs.nbi.ant [1.19.1 201411181905]
	org.netbeans.libs.nbi.engine [1.18.1 201411181905]
	org.netbeans.modules.apisupport.installer [1.19.1 201411181905]
	org.netbeans.modules.apisupport.feedreader/1 [1.30.1 201411181905]
	org.netbeans.modules.apisupport.harness [1.39.2 201411181905]
	org.netbeans.modules.apisupport.crudsample [1.19.1 201411181905]
	org.netbeans.modules.apisupport.kit [1.27.1 201411181905]
	org.netbeans.modules.apisupport.installer.maven [1.18.1 201411181905]
	org.netbeans.modules.apisupport.apidocs [2.26 201411181905]
	org.netbeans.modules.ant.grammar/1 [1.40.1 201411181905]
	org.netbeans.libs.svnClientAdapter.svnkit/1 [1.21.2 201502261250]
	org.netbeans.libs.svnClientAdapter.javahl/1 [1.20.1 201411181905]
	org.netbeans.libs.javafx [2.4.1 201411181905]
	org.netbeans.core.network [1.6.1 201411181905]
	org.netbeans.core.nativeaccess/1 [1.27.1 201411181905]
	org.netbeans.core.io.ui/1 [1.26.1 201411181905]
	org.netbeans.core.browser.webview/1 [1.11.1.1.1 1 201411181905]
	org.lomatek.jslint/1 [1.0.4 4 150207]
	org.jmcdonnell.netbeans.xml.tools/1 [1.1 140305]
	org.eclipse.mylyn.commons.xmlrpc [3.10.0 3.10.0.20130704-2116]
	org.eclipse.mylyn.commons.repositories.core [1.2.0 1.2.0.20130704-2116]
	org.eclipse.mylyn.commons.core [3.10.0 3.10.0.20130926-1710]
	org.eclipse.equinox.security [1.1.1 1.1.1.R37x_v20110822-1018]
	org.eclipse.equinox.registry [3.5.200 3.5.200.v20120522-1841]
	org.eclipse.equinox.preferences [3.4.2 3.4.2.v20120111-2020]
	org.eclipse.equinox.app [1.3.100 1.3.100.v20110321]
	org.eclipse.core.runtime.compatibility.auth [3.2.200 3.2.200.v20110110]
	org.eclipse.core.net [1.2.100 1.2.100.I20110511-0800]
	org.eclipse.core.contenttype [3.4.100 3.4.100.v20110423-0524]
	org.apache.xmlrpc [3.0.0 3.0.0]
	org.apache.ws.commons.util [1.0.1 1.0.1]
	org.apache.tools.ant.module.docs [2.32 201411181905]
	org.apache.commons.lang [2.4.0 2.4.0]
	open.file.at.cursor.plugin [1.3.1.0 1.3.1.0 201501222030]
	netbeans.csv.editor/2 [2.2.1 1 140305]
	net.sf.efhnbm/0 [0.4.7 7 120115]
	me.dsnet.quickopener/1212 [1.0.2 2 140527]
	lr.realmdev.nb.obsidiancolorprofile [1.0.5 150429]
	jindent.plugin.netbeans [4.2.4 120825]
	javaewah.dummy [0.7.9 0.7.9]
	git.toolbar [1.1.0 1.1.0 201312180952]
	editor.zoom [1.1.1 1.1.1 201403261633]
	de.markiewb.netbeans.plugins.readmeinprojectview [1.1.0 1.1.0 201310202008]
	de.markiewb.netbeans.plugins.pastetonewfile.core [1.1.0 1.1.0-20150322 201503221627]
	de.markiewb.netbeans.plugins.hints [1.5.0 1.5.0 201503192146]
	de.markiewb.netbeans.plugins.codeoutline [1.2.0 1.2.0 201505011451]
	de.markiewb.netbeans.plugins.changecaseofunicodecharacters [1.2 1.2 201403151052]
	de.markiewb.netbeans.plugins.GitCloseUnmodifiedDocuments [1.0.2 1.0.2-20150929 201509291921]
	de.markiewb.netbeans.plugin.togglelinewrap [1.0 121208]
	de.markiewb.netbeans.plugin.copyfqn [1.3.0.3 1.3.0.3 201502151127]
	de.markiew.netbeans.plugin.restart [1.0 120420]
	de.elmar_baumann.nbmemusage/1 [1.1 140321]
	de.elmar_baumann.nb.slclock/1 [1.6.2 140615]
	cz.kec.nb.nodejs [2.2 2.2-20140324 201403241558]
	com.tusharjoshi.runargs/1 [2.0 140327]
	com.junichi11.netbeans.github.issues [0.1.3 0.1.3 201509230302]
	com.jcraft.jzlib [1.0.7 1.0.7]
	com.adi.dev.java.netbeans.plugins.laf.changer/1 [1.0.5 5 130616]
	com.adi.dev.java.netbeans.plugins.favorites.items.find/1 [2.1.3 3 130628]
	closeprojects [1.4.0.1 150705]
	ch.anchialas.nb.editor [1.7 140401]
	bv.offa.netbeans.cnd.unittest [0.6.2 0.6.2 201508132022]
INFO [org.netbeans.core.netigso.Netigso]: bundle org.eclipse.mylyn.wikitext.confluence.core@1.9.0.20131007-2055 resolved
INFO [org.netbeans.core.netigso.Netigso]: bundle org.eclipse.mylyn.wikitext.textile.core@1.9.0.20131007-2055 resolved
INFO [org.netbeans.core.netigso.Netigso]: bundle org.eclipse.jgit.java7@3.4.1.201406201815-r resolved
INFO [org.netbeans.core.netigso.Netigso]: bundle org.eclipse.osgi@3.9.1.v20140110-1610 started
INFO [org.netbeans.core.network.proxy.NetworkProxyReloader]: System network proxy resolver: Gnome
INFO [org.netbeans.core.network.proxy.gnome.GsettingsNetworkProxy]: GSettings system proxy resolver: direct connection
INFO [org.netbeans.core.network.proxy.NetworkProxyReloader]: System network proxy reloading succeeded.
INFO [org.netbeans.core.network.proxy.NetworkProxyReloader]: System network proxy - mode: direct
INFO [org.netbeans.core.network.proxy.NetworkProxyReloader]: System network proxy: fell to default (correct if direct mode went before)
WARNING [org.openide.filesystems.Ordering]: Not all children in Toolbars/ marked with the position attribute: [Git, Line, QuickOpener, ToolbarPool], but some are: [File, Clipboard, UndoRedo, Remote, Build, Debug, Memory, Standard.xml, Debugging.xml]
WARNING [org.netbeans.ProxyClassLoader]: Will not load class org.jdesktop.swingx.painter.BusyPainter arbitrarily from one of ModuleCL@6d5fb13[org.netbeans.libs.swingx] and ModuleCL@1877e677[com.junichi11.netbeans.github.issues] starting from SystemClassLoader[571 modules]; see http://wiki.netbeans.org/DevFaqModuleCCE
Diagnostic information
Input arguments:
	-Djdk.home=/usr/lib/jvm/java-8-oracle
	-Dnetbeans.default_userdir_root=/home/cesar/.netbeans
	-Dnetbeans.running.environment=gnome
	-Dnetbeans.dirs=/opt/netbeans-8.0/nb:/opt/netbeans-8.0/ergonomics:/opt/netbeans-8.0/ide:/opt/netbeans-8.0/extide:/opt/netbeans-8.0/java:/opt/netbeans-8.0/apisupport:/opt/netbeans-8.0/webcommon:/opt/netbeans-8.0/websvccommon:/opt/netbeans-8.0/enterprise:/opt/netbeans-8.0/mobility:/opt/netbeans-8.0/profiler:/opt/netbeans-8.0/python:/opt/netbeans-8.0/php:/opt/netbeans-8.0/identity:/opt/netbeans-8.0/harness:/opt/netbeans-8.0/cnd:/opt/netbeans-8.0/dlight:/opt/netbeans-8.0/groovy:/opt/netbeans-8.0/extra:/opt/netbeans-8.0/javacard:/opt/netbeans-8.0/javafx:
	-Dnetbeans.home=/opt/netbeans-8.0/platform
	-Dnetbeans.importclass=org.netbeans.upgrade.AutoUpgrade
	-Dnetbeans.accept_license_class=org.netbeans.license.AcceptLicense
	-Xmx1024m
	-Xss2m
	-Xms32m
	-XX:PermSize=32m
	-Dapple.laf.useScreenMenuBar=true
	-Dapple.awt.graphics.UseQuartz=true
	-Dsun.java2d.noddraw=true
	-Dsun.java2d.dpiaware=true
	-Dsun.zip.disableMemoryMapping=true
	-XX:+HeapDumpOnOutOfMemoryError
	-XX:HeapDumpPath=/home/cesar/.netbeans/8.0.2/var/log/heapdump.hprof
Compiler: HotSpot 64-Bit Tiered Compilers
Heap memory usage: initial 32.0MB maximum 910.5MB
Non heap memory usage: initial 2.4MB maximum -1b
Garbage collector: PS Scavenge (Collections=16 Total time spent=0s)
Garbage collector: PS MarkSweep (Collections=3 Total time spent=0s)
Classes: loaded=7228 total loaded=7228 unloaded 0
INFO [org.netbeans.core.ui.warmup.DiagnosticTask]: Total memory 8,153,894,912
WARNING [org.openide.filesystems.Ordering]: Found same position 1,000 for both Menu/View/org-netbeans-modules-versioning-core-ShowTextAnnotationsAction.shadow and Menu/View/toggle-outline-view.shadow
WARNING [org.openide.filesystems.Ordering]: Found same position 2,900 for both Menu/GoTo/com-adi-dev-java-netbeans-plugins-favorites-items-find-FindInFavorites.shadow and Menu/GoTo/org-tvl-editor-containingfolder-OpenContainingFolderAction.shadow
WARNING [org.openide.filesystems.Ordering]: Relative ordering attribute org-netbeans-modules-favorites-SelectInFavorites.shadow/net-sf-efhnbm-SelectFromHere.shadow on Menu/GoTo is deprecated in favor of numeric position attributes
WARNING [org.openide.filesystems.Ordering]: Not all children in Menu/GoTo/ marked with the position attribute: [net-sf-efhnbm-SelectFromHere.shadow], but some are: [org-netbeans-modules-jumpto-file-FileSearchAction.shadow, org-netbeans-modules-jumpto-type-GoToType.shadow, org-netbeans-modules-jumpto-symbol-GoToSymbol.shadow, org-netbeans-modules-spring-beans-jumpto-type-GoToBean.shadow, org-netbeans-modules-gototest-GotoOppositeAction.shadow, org-netbeans-core-windows-actions-RecentViewListAction.shadow, core-windows-SeparatorAfterRecentList.instance, org-netbeans-modules-editor-MainMenuAction$GoToSourceAction.instance, goto-declaration.shadow, org-netbeans-modules-editor-MainMenuAction$GoToSuperAction.instance, Inspect, SeparatorBeforeJumpBack.instance, org-netbeans-modules-editor-impl-actions-NavigationHistoryLastEditAction$MainMenu.instance, org-netbeans-modules-editor-MainMenuAction$JumpBackAction.instance, org-netbeans-modules-editor-MainMenuAction$JumpForwardAction.instance, SeparatorBeforeGoToLine.instance, org-openide-actions-GotoAction.shadow, org-netbeans-editor-bookmarks-ToggleBookmark.shadow, bookmark-history-popup-next.shadow, bookmark-history-popup-previous.shadow, SeparatorAfterBookmarks.instance, org-netbeans-core-actions-JumpNextAction.shadow, org-netbeans-core-actions-JumpPrevAction.shadow, org-netbeans-modules-project-ui-SelectInProjects-separatorBefore.instance, org-netbeans-modules-project-ui-SelectInProjects.shadow, org-netbeans-modules-project-ui-SelectInFiles.shadow, org-netbeans-modules-cnd-classview-actions-SelectInClassesAction.shadow, org-netbeans-modules-favorites-SelectInFavorites.shadow, com-adi-dev-java-netbeans-plugins-favorites-items-find-FindInFavorites-separatorBefore.instance, com-adi-dev-java-netbeans-plugins-favorites-items-find-FindInFavorites.shadow, org-tvl-editor-containingfolder-OpenContainingFolderAction.shadow]
WARNING [org.openide.filesystems.Ordering]: Could not find both sides of relative ordering attribute org-openide-actions-PasteAction.instance/jindent-plugin-netbeans-JindentFormatAction.shadow on 
WARNING [org.openide.filesystems.Ordering]: Not all children in / marked with the position attribute: [jindent-plugin-netbeans-JindentFormatAction.shadow], but some are: [anchialas-file-context-action.shadow, separator-after-anchialas-file-context-action.instance, goto, goto-help, WhereUsedAction.shadow, CallHierarchyAction.shadow, SeparatorAfterGoToHelp.instance, de-markiewb-netbeans-plugin-copyfqn-CopyFQNAction.shadow, de-markiewb-netbeans-plugin-copyfqn-CopyFQNAction-separatorAfter.instance, generate-code, fix-imports, org-netbeans-modules-refactoring-api-ui-RSMEditorAction.instance, format, SeparatorAfterFormat.instance, org-netbeans-modules-project-ui-RunSingle.shadow, org-netbeans-modules-debugger-ui-actions-DebugFileAction.shadow, org-netbeans-modules-project-ui-TestSingle.shadow, org-netbeans-modules-debugger-ui-actions-DebugTestFileAction.shadow, org-netbeans-modules-gsf-testrunner-TestMethodRunnerAction.shadow, org-netbeans-modules-gsf-testrunner-TestMethodDebuggerAction.shadow, org-netbeans-modules-debugger-ui-actions-RunIntoMethodAction.shadow, org-netbeans-modules-maven-customPopup.shadow, org-netbeans-modules-debugger-ui-actions-AddWatchAction.shadow, org-netbeans-modules-debugger-ui-actions-ToggleBreakpointAction.shadow, Profiling, SeparatorBeforeCut.instance, org-openide-actions-CutAction.shadow, org-openide-actions-CopyAction.shadow, org-openide-actions-PasteAction.shadow, SeparatorAfterPaste.instance, generate-fold-popup, org-netbeans-modules-project-ui-SelectInProjects.shadow, de-markiewb-netbeans-plugins-changecaseofunicodecharacters-ConvertToLowerCaseUnicodeAction.shadow, de-markiewb-netbeans-plugins-changecaseofunicodecharacters-ConvertToUpperCaseUnicodeAction.shadow]
INFO [org.netbeans.core.netigso.Netigso]: bundle org.eclipse.osgi@3.9.1.v20140110-1610 256
INFO [org.netbeans.core.netigso.Netigso]: bundle org.eclipse.osgi@3.9.1.v20140110-1610 stopped
INFO [org.netbeans.core.netigso.Netigso]: bundle org.eclipse.osgi@3.9.1.v20140110-1610 stopped
